{"/Users/francisco/git/LearnTestReactNative/src/assets/logo.png": {"path":"/Users/francisco/git/LearnTestReactNative/src/assets/logo.png","statementMap":{"0":{"start":{"line":1,"column":0},"end":{"line":4,"column":6}}},"fnMap":{},"branchMap":{},"s":{"0":1},"f":{},"b":{},"inputSourceMap":null,"_coverageSchema":"1a1c01bbd47fc00a2c39e90264f33305004495a9","hash":"9a463fb2cded9b9ece5a77d50601e0131c902554"}
,"/Users/francisco/git/LearnTestReactNative/src/components/Button/Button.tsx": {"path":"/Users/francisco/git/LearnTestReactNative/src/components/Button/Button.tsx","statementMap":{"0":{"start":{"line":16,"column":15},"end":{"line":26,"column":1}},"1":{"start":{"line":17,"column":2},"end":{"line":25,"column":4}}},"fnMap":{"0":{"name":"(anonymous_0)","decl":{"start":{"line":16,"column":15},"end":{"line":16,"column":16}},"loc":{"start":{"line":16,"column":69},"end":{"line":26,"column":1}},"line":16}},"branchMap":{"0":{"loc":{"start":{"line":19,"column":7},"end":{"line":23,"column":7}},"type":"cond-expr","locations":[{"start":{"line":20,"column":8},"end":{"line":20,"column":46}},{"start":{"line":22,"column":8},"end":{"line":22,"column":43}}],"line":19}},"s":{"0":1,"1":14},"f":{"0":14},"b":{"0":[3,11]},"_coverageSchema":"1a1c01bbd47fc00a2c39e90264f33305004495a9","hash":"6d0dc25de166fd9e2966440778f372ae89e1ab5a"}
,"/Users/francisco/git/LearnTestReactNative/src/components/Button/index.tsx": {"path":"/Users/francisco/git/LearnTestReactNative/src/components/Button/index.tsx","statementMap":{},"fnMap":{},"branchMap":{},"s":{},"f":{},"b":{},"_coverageSchema":"1a1c01bbd47fc00a2c39e90264f33305004495a9","hash":"f5f17b7b3562126f81250f04998cf4684a8e7c3b"}
,"/Users/francisco/git/LearnTestReactNative/src/components/Button/styles.ts": {"path":"/Users/francisco/git/LearnTestReactNative/src/components/Button/styles.ts","statementMap":{"0":{"start":{"line":3,"column":38},"end":{"line":11,"column":1}},"1":{"start":{"line":13,"column":26},"end":{"line":16,"column":1}}},"fnMap":{},"branchMap":{},"s":{"0":1,"1":1},"f":{},"b":{},"_coverageSchema":"1a1c01bbd47fc00a2c39e90264f33305004495a9","hash":"8f51a2b3cdb4920e0f2cf7ada1d08c411ef004cd"}
,"/Users/francisco/git/LearnTestReactNative/src/screens/LoginScreen/LoginScreen.tsx": {"path":"/Users/francisco/git/LearnTestReactNative/src/screens/LoginScreen/LoginScreen.tsx","statementMap":{"0":{"start":{"line":9,"column":20},"end":{"line":85,"column":1}},"1":{"start":{"line":10,"column":21},"end":{"line":10,"column":36}},"2":{"start":{"line":11,"column":34},"end":{"line":11,"column":52}},"3":{"start":{"line":12,"column":34},"end":{"line":12,"column":52}},"4":{"start":{"line":13,"column":42},"end":{"line":13,"column":60}},"5":{"start":{"line":14,"column":36},"end":{"line":14,"column":57}},"6":{"start":{"line":16,"column":23},"end":{"line":33,"column":3}},"7":{"start":{"line":17,"column":4},"end":{"line":17,"column":24}},"8":{"start":{"line":18,"column":4},"end":{"line":21,"column":5}},"9":{"start":{"line":19,"column":6},"end":{"line":19,"column":63}},"10":{"start":{"line":20,"column":6},"end":{"line":20,"column":13}},"11":{"start":{"line":23,"column":4},"end":{"line":23,"column":23}},"12":{"start":{"line":25,"column":4},"end":{"line":32,"column":13}},"13":{"start":{"line":26,"column":6},"end":{"line":30,"column":7}},"14":{"start":{"line":27,"column":8},"end":{"line":27,"column":25}},"15":{"start":{"line":29,"column":8},"end":{"line":29,"column":69}},"16":{"start":{"line":31,"column":6},"end":{"line":31,"column":26}},"17":{"start":{"line":35,"column":2},"end":{"line":84,"column":4}},"18":{"start":{"line":58,"column":43},"end":{"line":58,"column":64}},"19":{"start":{"line":72,"column":37},"end":{"line":72,"column":58}}},"fnMap":{"0":{"name":"(anonymous_0)","decl":{"start":{"line":9,"column":20},"end":{"line":9,"column":21}},"loc":{"start":{"line":9,"column":26},"end":{"line":85,"column":1}},"line":9},"1":{"name":"(anonymous_1)","decl":{"start":{"line":16,"column":23},"end":{"line":16,"column":24}},"loc":{"start":{"line":16,"column":29},"end":{"line":33,"column":3}},"line":16},"2":{"name":"(anonymous_2)","decl":{"start":{"line":25,"column":15},"end":{"line":25,"column":16}},"loc":{"start":{"line":25,"column":21},"end":{"line":32,"column":5}},"line":25},"3":{"name":"(anonymous_3)","decl":{"start":{"line":58,"column":37},"end":{"line":58,"column":38}},"loc":{"start":{"line":58,"column":43},"end":{"line":58,"column":64}},"line":58},"4":{"name":"(anonymous_4)","decl":{"start":{"line":72,"column":31},"end":{"line":72,"column":32}},"loc":{"start":{"line":72,"column":37},"end":{"line":72,"column":58}},"line":72}},"branchMap":{"0":{"loc":{"start":{"line":18,"column":4},"end":{"line":21,"column":5}},"type":"if","locations":[{"start":{"line":18,"column":4},"end":{"line":21,"column":5}},{"start":{"line":18,"column":4},"end":{"line":21,"column":5}}],"line":18},"1":{"loc":{"start":{"line":18,"column":8},"end":{"line":18,"column":30}},"type":"binary-expr","locations":[{"start":{"line":18,"column":8},"end":{"line":18,"column":17}},{"start":{"line":18,"column":21},"end":{"line":18,"column":30}}],"line":18},"2":{"loc":{"start":{"line":26,"column":6},"end":{"line":30,"column":7}},"type":"if","locations":[{"start":{"line":26,"column":6},"end":{"line":30,"column":7}},{"start":{"line":26,"column":6},"end":{"line":30,"column":7}}],"line":26},"3":{"loc":{"start":{"line":26,"column":10},"end":{"line":26,"column":52}},"type":"binary-expr","locations":[{"start":{"line":26,"column":10},"end":{"line":26,"column":29}},{"start":{"line":26,"column":33},"end":{"line":26,"column":52}}],"line":26},"4":{"loc":{"start":{"line":61,"column":7},"end":{"line":61,"column":76}},"type":"cond-expr","locations":[{"start":{"line":61,"column":22},"end":{"line":61,"column":69}},{"start":{"line":61,"column":72},"end":{"line":61,"column":76}}],"line":61}},"s":{"0":1,"1":14,"2":14,"3":14,"4":14,"5":14,"6":14,"7":3,"8":3,"9":1,"10":1,"11":2,"12":2,"13":2,"14":1,"15":1,"16":2,"17":14,"18":0,"19":0},"f":{"0":14,"1":3,"2":2,"3":0,"4":0},"b":{"0":[1,2],"1":[3,2],"2":[1,1],"3":[2,1],"4":[3,11]},"_coverageSchema":"1a1c01bbd47fc00a2c39e90264f33305004495a9","hash":"62fdb127084af12fde0338b4469118269f71e77e"}
,"/Users/francisco/git/LearnTestReactNative/src/screens/LoginScreen/index.tsx": {"path":"/Users/francisco/git/LearnTestReactNative/src/screens/LoginScreen/index.tsx","statementMap":{},"fnMap":{},"branchMap":{},"s":{},"f":{},"b":{},"_coverageSchema":"1a1c01bbd47fc00a2c39e90264f33305004495a9","hash":"b805c014719fa6f4cb5e60dc04dead6383e53eea"}
,"/Users/francisco/git/LearnTestReactNative/src/screens/LoginScreen/styles.ts": {"path":"/Users/francisco/git/LearnTestReactNative/src/screens/LoginScreen/styles.ts","statementMap":{"0":{"start":{"line":3,"column":25},"end":{"line":6,"column":1}},"1":{"start":{"line":8,"column":20},"end":{"line":8,"column":34}},"2":{"start":{"line":10,"column":29},"end":{"line":14,"column":1}},"3":{"start":{"line":16,"column":21},"end":{"line":26,"column":1}},"4":{"start":{"line":28,"column":34},"end":{"line":32,"column":1}},"5":{"start":{"line":34,"column":31},"end":{"line":38,"column":1}},"6":{"start":{"line":40,"column":26},"end":{"line":45,"column":1}},"7":{"start":{"line":47,"column":26},"end":{"line":50,"column":1}},"8":{"start":{"line":52,"column":39},"end":{"line":59,"column":1}},"9":{"start":{"line":61,"column":22},"end":{"line":69,"column":1}},"10":{"start":{"line":71,"column":28},"end":{"line":75,"column":1}}},"fnMap":{},"branchMap":{},"s":{"0":1,"1":1,"2":1,"3":1,"4":1,"5":1,"6":1,"7":1,"8":1,"9":1,"10":1},"f":{},"b":{},"_coverageSchema":"1a1c01bbd47fc00a2c39e90264f33305004495a9","hash":"7491e8423a5ab02bf316f2f34fee0107ecae443c"}
}
