TN:
SF:src/assets/logo.png
FNF:0
FNH:0
DA:1,1
LF:1
LH:1
BRF:0
BRH:0
end_of_record
TN:
SF:src/components/Button/Button.tsx
FN:16,(anonymous_0)
FNF:1
FNH:1
FNDA:14,(anonymous_0)
DA:16,1
DA:17,14
LF:2
LH:2
BRDA:19,0,0,3
BRDA:19,0,1,11
BRF:2
BRH:2
end_of_record
TN:
SF:src/components/Button/index.tsx
FNF:0
FNH:0
LF:0
LH:0
BRF:0
BRH:0
end_of_record
TN:
SF:src/components/Button/styles.ts
FNF:0
FNH:0
DA:3,1
DA:13,1
LF:2
LH:2
BRF:0
BRH:0
end_of_record
TN:
SF:src/screens/LoginScreen/LoginScreen.tsx
FN:9,(anonymous_0)
FN:16,(anonymous_1)
FN:25,(anonymous_2)
FN:58,(anonymous_3)
FN:72,(anonymous_4)
FNF:5
FNH:3
FNDA:14,(anonymous_0)
FNDA:3,(anonymous_1)
FNDA:2,(anonymous_2)
FNDA:0,(anonymous_3)
FNDA:0,(anonymous_4)
DA:9,1
DA:10,14
DA:11,14
DA:12,14
DA:13,14
DA:14,14
DA:16,14
DA:17,3
DA:18,3
DA:19,1
DA:20,1
DA:23,2
DA:25,2
DA:26,2
DA:27,1
DA:29,1
DA:31,2
DA:35,14
DA:58,0
DA:72,0
LF:20
LH:18
BRDA:18,0,0,1
BRDA:18,0,1,2
BRDA:18,1,0,3
BRDA:18,1,1,2
BRDA:26,2,0,1
BRDA:26,2,1,1
BRDA:26,3,0,2
BRDA:26,3,1,1
BRDA:61,4,0,3
BRDA:61,4,1,11
BRF:10
BRH:10
end_of_record
TN:
SF:src/screens/LoginScreen/index.tsx
FNF:0
FNH:0
LF:0
LH:0
BRF:0
BRH:0
end_of_record
TN:
SF:src/screens/LoginScreen/styles.ts
FNF:0
FNH:0
DA:3,1
DA:8,1
DA:10,1
DA:16,1
DA:28,1
DA:34,1
DA:40,1
DA:47,1
DA:52,1
DA:61,1
DA:71,1
LF:11
LH:11
BRF:0
BRH:0
end_of_record
